FULL_BACKFILL_SESSION=mogo-backfill-full-20260505-073758
STARTED_AT=2026-05-05T07:37:58-03:00
BACKFILL_START months=14 scripts=20 total=280 result=/root/workspaces/cake-brain/relatorios/Mogo/exports/mogo-backfill-dia5-20260505-073758.jsonl

MONTH_START 2026-01 fake_now=2026-02-05
RUN 1/280 2026-01 mogo-faturamento-detalhado.py
Mogo: iniciando sessão...
Mogo: autenticando...
Mogo: selecionando modo Gerencial...
Mogo: login OK ✅
Faturamento Detalhado: 01/01/2026 a 31/01/2026...
  01/01/2026–07/01/2026 lote 1: 635 registros (acumulado: 635 | total semana: 635)
  08/01/2026–14/01/2026 lote 1: 837 registros (acumulado: 1472 | total semana: 837)
  15/01/2026–21/01/2026 lote 1: 899 registros (acumulado: 2371 | total semana: 899)
  22/01/2026–28/01/2026 lote 1: 942 registros (acumulado: 3313 | total semana: 942)
  29/01/2026–31/01/2026 lote 1: 513 registros (acumulado: 3826 | total semana: 513)
Total carregado: 3826
Excel salvo: /root/workspaces/cake-brain/relatorios/Mogo/Faturamento Detalhado/01-2026.xlsx
JSON salvo: /root/workspaces/cake-brain/relatorios/Mogo/Faturamento Detalhado/01-2026.json
✅ Email enviado para joao@cakeco.com.br
DONE 1/280 2026-01 mogo-faturamento-detalhado.py status=ok duration=30.2s
RUN 2/280 2026-01 mogo-venda-nota-assinada.py
Venda em Nota Assinada: 01/01/2026 → 31/01/2026
Buscando Contas a Receber...
Total registros: 245
Venda em nota assinada (descrição): 245 registros
Venda em nota assinada (emissão validada): 245 registros
Excel salvo: /root/workspaces/cake-brain/relatorios/Mogo/Venda em Nota Assinada/2026-01-venda-nota-assinada.xlsx
✅ Email enviado para joao@cakeco.com.br

✅ Relatório concluído
DONE 2/280 2026-01 mogo-venda-nota-assinada.py status=ok duration=2.0s
RUN 3/280 2026-01 mogo-ticket-medio.py
Ticket Médio: 01/01/2026 a 31/01/2026...
Registros: 4
Excel salvo: /root/workspaces/cake-brain/relatorios/Mogo/Ticket Medio/01-2026.xlsx
JSON salvo: /root/workspaces/cake-brain/relatorios/Mogo/Ticket Medio/01-2026.json
✅ Email enviado para joao@cakeco.com.br
DONE 3/280 2026-01 mogo-ticket-medio.py status=ok duration=1.7s
RUN 4/280 2026-01 mogo-vendas-analitico.py
Vendas Analítico: 01/01/2026 a 31/01/2026...
Total de registros: 13431
  Lote 1: 2000 registros (total: 2000)
  Lote 2: 2000 registros (total: 4000)
  Lote 3: 2000 registros (total: 6000)
  Lote 4: 2000 registros (total: 8000)
  Lote 5: 2000 registros (total: 10000)
  Lote 6: 2000 registros (total: 12000)
  Lote 7: 1431 registros (total: 13431)
Total carregado: 13431
Excel salvo: /root/workspaces/cake-brain/relatorios/Mogo/Vendas Analitico/01-2026.xlsx
JSON salvo: /root/workspaces/cake-brain/relatorios/Mogo/Vendas Analitico/01-2026.json
✅ Email enviado para joao@cakeco.com.br
DONE 4/280 2026-01 mogo-vendas-analitico.py status=ok duration=158.0s
RUN 5/280 2026-01 mogo-vendas-sintetico.py
Vendas Sintético: 01/01/2026 a 31/01/2026...
Registros: 343
Excel salvo: /root/workspaces/cake-brain/relatorios/Mogo/Vendas Sintetico/01-2026.xlsx
JSON salvo: /root/workspaces/cake-brain/relatorios/Mogo/Vendas Sintetico/01-2026.json
✅ Email enviado para joao@cakeco.com.br
DONE 5/280 2026-01 mogo-vendas-sintetico.py status=ok duration=4.3s
RUN 6/280 2026-01 mogo-vendas-adicionais.py
Vendas de Adicionais: 01/01/2026 a 31/01/2026...
Total de registros: 384
  Lote 1: 384 registros (total: 384)
Total carregado: 384
Excel salvo: /root/workspaces/cake-brain/relatorios/Mogo/Vendas Adicionais/01-2026.xlsx
JSON salvo: /root/workspaces/cake-brain/relatorios/Mogo/Vendas Adicionais/01-2026.json
✅ Email enviado para joao@cakeco.com.br
DONE 6/280 2026-01 mogo-vendas-adicionais.py status=ok duration=3.5s
RUN 7/280 2026-01 mogo-lucratividade-produto.py
Lucratividade por Produto: 01/01/2026 a 31/01/2026...
Registros: 342
Excel salvo: /root/workspaces/cake-brain/relatorios/Mogo/Lucratividade Produto/01-2026.xlsx
JSON salvo: /root/workspaces/cake-brain/relatorios/Mogo/Lucratividade Produto/01-2026.json
✅ Email enviado para joao@cakeco.com.br
DONE 7/280 2026-01 mogo-lucratividade-produto.py status=ok duration=2.2s
RUN 8/280 2026-01 mogo-descontos-concedidos.py
Descontos Concedidos: 01/01/2026 a 31/01/2026...
Total de registros: 1266
  Lote 1: 1266 registros (total: 1266)
Total carregado: 1266
Excel salvo: /root/workspaces/cake-brain/relatorios/Mogo/Descontos Concedidos/01-2026.xlsx
JSON salvo: /root/workspaces/cake-brain/relatorios/Mogo/Descontos Concedidos/01-2026.json
✅ Email enviado para joao@cakeco.com.br
DONE 8/280 2026-01 mogo-descontos-concedidos.py status=ok duration=8.1s
RUN 9/280 2026-01 mogo-movimentacao-credito-cliente.py
Movimentação Crédito Cliente: 01/01/2026 a 31/01/2026...
Registros: 6
Excel salvo: /root/workspaces/cake-brain/relatorios/Mogo/Movimentacao Credito Cliente/01-2026.xlsx
JSON salvo: /root/workspaces/cake-brain/relatorios/Mogo/Movimentacao Credito Cliente/01-2026.json
✅ Email enviado para joao@cakeco.com.br
DONE 9/280 2026-01 mogo-movimentacao-credito-cliente.py status=ok duration=0.4s
RUN 10/280 2026-01 mogo-taxa-servico.py
Taxa de Serviço: 01/01/2026 a 31/01/2026...
Total de registros: 5390
  Lote 1: 2000 registros (total: 2000)
  Lote 2: 2000 registros (total: 4000)
  Lote 3: 1390 registros (total: 5390)
Total carregado: 5390
Excel salvo: /root/workspaces/cake-brain/relatorios/Mogo/Taxa Servico/01-2026.xlsx
JSON salvo: /root/workspaces/cake-brain/relatorios/Mogo/Taxa Servico/01-2026.json
✅ Email enviado para joao@cakeco.com.br
DONE 10/280 2026-01 mogo-taxa-servico.py status=ok duration=39.7s
RUN 11/280 2026-01 mogo-analise-cortesias.py
Análise de Cortesias: 01/01/2026 a 31/01/2026...
Registros: 21
Excel salvo: /root/workspaces/cake-brain/relatorios/Mogo/Analise Cortesias/01-2026.xlsx
JSON salvo: /root/workspaces/cake-brain/relatorios/Mogo/Analise Cortesias/01-2026.json
✅ Email enviado para joao@cakeco.com.br
DONE 11/280 2026-01 mogo-analise-cortesias.py status=ok duration=0.9s
RUN 12/280 2026-01 mogo-lancamentos-pedidos.py
Lançamentos de Pedidos: 01/01/2026 a 31/01/2026...
  01/01/2026–07/01/2026 lote 1: 2322 | total semana: 2322
  08/01/2026–14/01/2026 lote 1: 3141 | total semana: 3141
  15/01/2026–21/01/2026 lote 1: 3546 | total semana: 3546
  22/01/2026–28/01/2026 lote 1: 3552 | total semana: 3552
  29/01/2026–31/01/2026 lote 1: 1905 | total semana: 1905
Total carregado: 14466
Excel salvo: /root/workspaces/cake-brain/relatorios/Mogo/Lancamentos Pedidos/01-2026.xlsx
JSON salvo: /root/workspaces/cake-brain/relatorios/Mogo/Lancamentos Pedidos/01-2026.json
✅ Email enviado para joao@cakeco.com.br
DONE 12/280 2026-01 mogo-lancamentos-pedidos.py status=ok duration=173.4s
RUN 13/280 2026-01 mogo-historico-pagamento.py
Histórico de Pagamento: 01/01/2026 a 31/01/2026...
  01/01/2026–07/01/2026 lote 1: 947 | total semana: 947
  08/01/2026–14/01/2026 lote 1: 1251 | total semana: 1251
  15/01/2026–21/01/2026 lote 1: 1413 | total semana: 1413
  22/01/2026–28/01/2026 lote 1: 1494 | total semana: 1494
  29/01/2026–31/01/2026 lote 1: 784 | total semana: 784
Total carregado: 5889
Excel salvo: /root/workspaces/cake-brain/relatorios/Mogo/Historico Pagamento/01-2026.xlsx
JSON salvo: /root/workspaces/cake-brain/relatorios/Mogo/Historico Pagamento/01-2026.json
✅ Email enviado para joao@cakeco.com.br
DONE 13/280 2026-01 mogo-historico-pagamento.py status=ok duration=69.7s
RUN 14/280 2026-01 mogo-entradas-xml-detalhado.py
Entradas XML Detalhado: 01/01/2026 a 31/01/2026...
Total de registros: 345
  Lote 1: 345 (total: 345)
Total carregado: 345
Excel salvo: /root/workspaces/cake-brain/relatorios/Mogo/Entradas XML Detalhado/01-2026.xlsx
JSON salvo: /root/workspaces/cake-brain/relatorios/Mogo/Entradas XML Detalhado/01-2026.json
✅ Email enviado para joao@cakeco.com.br
DONE 14/280 2026-01 mogo-entradas-xml-detalhado.py status=ok duration=4.8s
RUN 15/280 2026-01 mogo-compra-produtos.py
Compra de Produtos: 01/01/2026 a 31/01/2026...
Total de registros: 429
  Lote 1: 429 (total: 429)
Total carregado: 429
Excel salvo: /root/workspaces/cake-brain/relatorios/Mogo/Compra Produtos/01-2026.xlsx
JSON salvo: /root/workspaces/cake-brain/relatorios/Mogo/Compra Produtos/01-2026.json
✅ Email enviado para joao@cakeco.com.br
DONE 15/280 2026-01 mogo-compra-produtos.py status=ok duration=9.0s
RUN 16/280 2026-01 mogo-variacao-preco-compra.py
Variação do Preço de Compra: 01/01/2026 a 31/01/2026...
Registros: 177
Excel salvo: /root/workspaces/cake-brain/relatorios/Mogo/Variacao Preco Compra/01-2026.xlsx
JSON salvo: /root/workspaces/cake-brain/relatorios/Mogo/Variacao Preco Compra/01-2026.json
✅ Email enviado para joao@cakeco.com.br
DONE 16/280 2026-01 mogo-variacao-preco-compra.py status=ok duration=3.1s
RUN 17/280 2026-01 mogo-analise-quantidades-produzidas.py
Análise de Quantidades Produzidas: 01/01/2026 a 31/01/2026...
Total de registros: 261
  Lote 1: 261 (total: 261)
Total carregado: 261
Excel salvo: /root/workspaces/cake-brain/relatorios/Mogo/Analise Quantidades Produzidas/01-2026.xlsx
JSON salvo: /root/workspaces/cake-brain/relatorios/Mogo/Analise Quantidades Produzidas/01-2026.json
✅ Email enviado para joao@cakeco.com.br
DONE 17/280 2026-01 mogo-analise-quantidades-produzidas.py status=ok duration=2.4s
RUN 18/280 2026-01 mogo-analise-insumos-producao.py
Análise de Insumos Gastos na Produção: 01/01/2026 a 31/01/2026...
Total de registros: 948
  Lote 1: 948 (total: 948)
Total carregado: 948
Excel salvo: /root/workspaces/cake-brain/relatorios/Mogo/Analise Insumos Producao/01-2026.xlsx
JSON salvo: /root/workspaces/cake-brain/relatorios/Mogo/Analise Insumos Producao/01-2026.json
✅ Email enviado para joao@cakeco.com.br
DONE 18/280 2026-01 mogo-analise-insumos-producao.py status=ok duration=5.2s
RUN 19/280 2026-01 mogo-analise-cadastro-clientes.py
Análise de Cadastro de Clientes: 01/01/2026 a 31/01/2026...
Total de registros: 941
  Lote 1: 941 (total: 941)
Total carregado: 941
Excel salvo: /root/workspaces/cake-brain/relatorios/Mogo/Analise Cadastro Clientes/01-2026.xlsx
JSON salvo: /root/workspaces/cake-brain/relatorios/Mogo/Analise Cadastro Clientes/01-2026.json
✅ Email enviado para joao@cakeco.com.br
DONE 19/280 2026-01 mogo-analise-cadastro-clientes.py status=ok duration=14.9s
RUN 20/280 2026-01 mogo-itens-vendidos-agendamento.py
Itens Vendidos por Agendamento: 01/01/2026 a 31/01/2026...
Total de registros: 169
  Lote 1: 169 (total: 169)
Total carregado: 169
Excel salvo: /root/workspaces/cake-brain/relatorios/Mogo/Itens Vendidos Agendamento/01-2026.xlsx
JSON salvo: /root/workspaces/cake-brain/relatorios/Mogo/Itens Vendidos Agendamento/01-2026.json
✅ Email enviado para joao@cakeco.com.br
DONE 20/280 2026-01 mogo-itens-vendidos-agendamento.py status=ok duration=7.7s

MONTH_START 2026-02 fake_now=2026-03-05
RUN 21/280 2026-02 mogo-faturamento-detalhado.py
Faturamento Detalhado: 01/02/2026 a 28/02/2026...
  01/02/2026–07/02/2026 lote 1: 1037 registros (acumulado: 1037 | total semana: 1037)
  08/02/2026–14/02/2026 lote 1: 1043 registros (acumulado: 2080 | total semana: 1043)
  15/02/2026–21/02/2026 lote 1: 735 registros (acumulado: 2815 | total semana: 735)
  22/02/2026–28/02/2026 lote 1: 1084 registros (acumulado: 3899 | total semana: 1084)
Total carregado: 3899
Excel salvo: /root/workspaces/cake-brain/relatorios/Mogo/Faturamento Detalhado/02-2026.xlsx
JSON salvo: /root/workspaces/cake-brain/relatorios/Mogo/Faturamento Detalhado/02-2026.json
✅ Email enviado para joao@cakeco.com.br
DONE 21/280 2026-02 mogo-faturamento-detalhado.py status=ok duration=49.2s
RUN 22/280 2026-02 mogo-venda-nota-assinada.py
Venda em Nota Assinada: 01/02/2026 → 28/02/2026
Buscando Contas a Receber...
Total registros: 167
Venda em nota assinada (descrição): 167 registros
Venda em nota assinada (emissão validada): 167 registros
Excel salvo: /root/workspaces/cake-brain/relatorios/Mogo/Venda em Nota Assinada/2026-02-venda-nota-assinada.xlsx
✅ Email enviado para joao@cakeco.com.br

✅ Relatório concluído
DONE 22/280 2026-02 mogo-venda-nota-assinada.py status=ok duration=4.2s
RUN 23/280 2026-02 mogo-ticket-medio.py
Ticket Médio: 01/02/2026 a 28/02/2026...
Registros: 3
Excel salvo: /root/workspaces/cake-brain/relatorios/Mogo/Ticket Medio/02-2026.xlsx
JSON salvo: /root/workspaces/cake-brain/relatorios/Mogo/Ticket Medio/02-2026.json
✅ Email enviado para joao@cakeco.com.br
DONE 23/280 2026-02 mogo-ticket-medio.py status=ok duration=6.2s
RUN 24/280 2026-02 mogo-vendas-analitico.py
