[MODO: diário] Subindo 3 pastas: ['Na Entrega', 'Pedidos Entregues', 'Pendentes'] | replace_existing=False
SKIPPED_EXISTING_DRIVE	Na Entrega	2026	01-04-2026.xlsx
SKIPPED_EXISTING_DRIVE	Na Entrega	2026	02-04-2026.xlsx
SKIPPED_EXISTING_DRIVE	Na Entrega	2026	04-04-2026.xlsx
SKIPPED_EXISTING_DRIVE	Na Entrega	2026	10-04-2026.xlsx
SKIPPED_EXISTING_DRIVE	Na Entrega	2026	14-04-2026.xlsx
SKIPPED_EXISTING_DRIVE	Na Entrega	2026	15-04-2026.xlsx
SKIPPED_EXISTING_DRIVE	Na Entrega	2026	18-04-2026.xlsx
SKIPPED_EXISTING_DRIVE	Na Entrega	2026	24-04-2026.xlsx
SKIPPED_EXISTING_DRIVE	Pedidos Entregues	2026	01-04-2026.xlsx
SKIPPED_EXISTING_DRIVE	Pedidos Entregues	2026	01-05-2026.xlsx
SKIPPED_EXISTING_DRIVE	Pedidos Entregues	2026	02-05-2026.xlsx
SKIPPED_EXISTING_DRIVE	Pedidos Entregues	2026	03-04-2026.xlsx
SKIPPED_EXISTING_DRIVE	Pedidos Entregues	2026	03-05-2026.xlsx
SKIPPED_EXISTING_DRIVE	Pedidos Entregues	2026	04-04-2026.xlsx
SKIPPED_EXISTING_DRIVE	Pedidos Entregues	2026	04-05-2026.xlsx
SKIPPED_EXISTING_DRIVE	Pedidos Entregues	2026	05-04-2026.xlsx
SKIPPED_EXISTING_DRIVE	Pedidos Entregues	2026	06-04-2026.xlsx
SKIPPED_EXISTING_DRIVE	Pedidos Entregues	2026	07-04-2026.xlsx
SKIPPED_EXISTING_DRIVE	Pedidos Entregues	2026	08-04-2026.xlsx
SKIPPED_EXISTING_DRIVE	Pedidos Entregues	2026	09-04-2026.xlsx
SKIPPED_EXISTING_DRIVE	Pedidos Entregues	2026	10-04-2026.xlsx
SKIPPED_EXISTING_DRIVE	Pedidos Entregues	2026	11-04-2026.xlsx
SKIPPED_EXISTING_DRIVE	Pedidos Entregues	2026	12-04-2026.xlsx
SKIPPED_EXISTING_DRIVE	Pedidos Entregues	2026	13-04-2026.xlsx
SKIPPED_EXISTING_DRIVE	Pedidos Entregues	2026	14-04-2026.xlsx
SKIPPED_EXISTING_DRIVE	Pedidos Entregues	2026	15-04-2026.xlsx
SKIPPED_EXISTING_DRIVE	Pedidos Entregues	2026	16-04-2026.xlsx
SKIPPED_EXISTING_DRIVE	Pedidos Entregues	2026	17-04-2026.xlsx
SKIPPED_EXISTING_DRIVE	Pedidos Entregues	2026	18-04-2026.xlsx
SKIPPED_EXISTING_DRIVE	Pedidos Entregues	2026	19-04-2026.xlsx
SKIPPED_EXISTING_DRIVE	Pedidos Entregues	2026	20-04-2026.xlsx
SKIPPED_EXISTING_DRIVE	Pedidos Entregues	2026	21-04-2026.xlsx
SKIPPED_EXISTING_DRIVE	Pedidos Entregues	2026	22-04-2026.xlsx
SKIPPED_EXISTING_DRIVE	Pedidos Entregues	2026	23-04-2026.xlsx
SKIPPED_EXISTING_DRIVE	Pedidos Entregues	2026	24-04-2026.xlsx
SKIPPED_EXISTING_DRIVE	Pedidos Entregues	2026	25-04-2026.xlsx
SKIPPED_EXISTING_DRIVE	Pedidos Entregues	2026	26-04-2026.xlsx
SKIPPED_EXISTING_DRIVE	Pedidos Entregues	2026	27-04-2026.xlsx
SKIPPED_EXISTING_DRIVE	Pedidos Entregues	2026	28-04-2026.xlsx
SKIPPED_EXISTING_DRIVE	Pedidos Entregues	2026	29-03-2026.xlsx
SKIPPED_EXISTING_DRIVE	Pedidos Entregues	2026	29-04-2026.xlsx
SKIPPED_EXISTING_DRIVE	Pedidos Entregues	2026	30-04-2026.xlsx
SKIPPED_EXISTING_DRIVE	Pedidos Entregues	2026	31-03-2026.xlsx
SKIPPED_EXISTING_DRIVE	Pendentes	2026	01-04-2026.xlsx
SKIPPED_EXISTING_DRIVE	Pendentes	2026	01-05-2026.xlsx
SKIPPED_EXISTING_DRIVE	Pendentes	2026	02-04-2026.xlsx
SKIPPED_EXISTING_DRIVE	Pendentes	2026	02-05-2026.xlsx
SKIPPED_EXISTING_DRIVE	Pendentes	2026	03-04-2026.xlsx
SKIPPED_EXISTING_DRIVE	Pendentes	2026	03-05-2026.xlsx
SKIPPED_EXISTING_DRIVE	Pendentes	2026	04-04-2026.xlsx
SKIPPED_EXISTING_DRIVE	Pendentes	2026	04-05-2026.xlsx
SKIPPED_EXISTING_DRIVE	Pendentes	2026	05-04-2026.xlsx
SKIPPED_EXISTING_DRIVE	Pendentes	2026	05-05-2026.xlsx
SKIPPED_EXISTING_DRIVE	Pendentes	2026	06-04-2026.xlsx
SKIPPED_EXISTING_DRIVE	Pendentes	2026	06-05-2026.xlsx
SKIPPED_EXISTING_DRIVE	Pendentes	2026	07-04-2026.xlsx
SKIPPED_EXISTING_DRIVE	Pendentes	2026	08-04-2026.xlsx
SKIPPED_EXISTING_DRIVE	Pendentes	2026	09-04-2026.xlsx
SKIPPED_EXISTING_DRIVE	Pendentes	2026	10-04-2026.xlsx
SKIPPED_EXISTING_DRIVE	Pendentes	2026	11-04-2026.xlsx
SKIPPED_EXISTING_DRIVE	Pendentes	2026	12-04-2026.xlsx
SKIPPED_EXISTING_DRIVE	Pendentes	2026	13-04-2026.xlsx
SKIPPED_EXISTING_DRIVE	Pendentes	2026	14-04-2026.xlsx
SKIPPED_EXISTING_DRIVE	Pendentes	2026	15-04-2026.xlsx
SKIPPED_EXISTING_DRIVE	Pendentes	2026	16-04-2026.xlsx
SKIPPED_EXISTING_DRIVE	Pendentes	2026	17-04-2026.xlsx
SKIPPED_EXISTING_DRIVE	Pendentes	2026	18-04-2026.xlsx
SKIPPED_EXISTING_DRIVE	Pendentes	2026	19-04-2026.xlsx
SKIPPED_EXISTING_DRIVE	Pendentes	2026	20-04-2026.xlsx
SKIPPED_EXISTING_DRIVE	Pendentes	2026	21-04-2026.xlsx
SKIPPED_EXISTING_DRIVE	Pendentes	2026	22-04-2026.xlsx
SKIPPED_EXISTING_DRIVE	Pendentes	2026	23-04-2026.xlsx
SKIPPED_EXISTING_DRIVE	Pendentes	2026	24-04-2026.xlsx
SKIPPED_EXISTING_DRIVE	Pendentes	2026	25-04-2026.xlsx
SKIPPED_EXISTING_DRIVE	Pendentes	2026	26-04-2026.xlsx
SKIPPED_EXISTING_DRIVE	Pendentes	2026	27-04-2026.xlsx
SKIPPED_EXISTING_DRIVE	Pendentes	2026	28-04-2026.xlsx
SKIPPED_EXISTING_DRIVE	Pendentes	2026	29-04-2026.xlsx
SKIPPED_EXISTING_DRIVE	Pendentes	2026	30-04-2026.xlsx
SUMMARY	period=all	replaced=0	uploaded=0	skipped_existing=79
